07:48:30.817 INFO [main] org.lenskit.cli.Main: Starting LensKit 3.0-M1 on Java 1.8.0_212 from Oracle Corporation
07:48:30.842 DEBUG [main] org.lenskit.LenskitInfo: have 5573 active revisions
07:48:30.847 DEBUG [main] org.lenskit.cli.Main: Built from Git revision c0210fa3281ef8b15b0959bcd5fced43c5fec38a
07:48:30.847 DEBUG [main] org.lenskit.cli.Main: Using VM 'OpenJDK 64-Bit Server VM' version 25.212-b04 from Oracle Corporation
07:48:30.848 INFO [main] org.lenskit.cli.Main: Have 8 processors and heap limit of 3541 MiB
07:48:30.858 INFO [main] org.lenskit.cli.util.RecommenderLoader: creating fresh recommender
07:48:31.060 INFO [main] org.lenskit.config.ConfigurationLoader: loading script from file:/home/nisreen/Documents/courses/coursera/recommender/Introduction%20to%20recommender%20Systems_%20non%20personalized/projects/content_base_filter-assignment/etc/weighted.groovy
07:48:31.432 DEBUG [main] org.lenskit.data.dao.file.TextEntitySource: loading source ratings with base URI file:/home/nisreen/Documents/courses/coursera/recommender/Introduction%20to%20recommender%20Systems_%20non%20personalized/projects/content_base_filter-assignment/data/movielens.yml
07:48:31.432 DEBUG [main] org.lenskit.data.dao.file.TextEntitySource: resolved file URI: file:/home/nisreen/Documents/courses/coursera/recommender/Introduction%20to%20recommender%20Systems_%20non%20personalized/projects/content_base_filter-assignment/data/ratings.csv
07:48:31.438 INFO [main] org.lenskit.data.dao.file.TextEntitySource: loading text file source ratings to read from file:/home/nisreen/Documents/courses/coursera/recommender/Introduction%20to%20recommender%20Systems_%20non%20personalized/projects/content_base_filter-assignment/data/ratings.csv
07:48:31.442 DEBUG [main] org.lenskit.data.dao.file.TextEntitySource: ratings: using delimiter ,
07:48:31.442 DEBUG [main] org.lenskit.data.dao.file.TextEntitySource: ratings: reading header
07:48:31.442 DEBUG [main] org.lenskit.data.dao.file.TextEntitySource: ratings: reading entities of type EntityType[rating]
07:48:31.473 DEBUG [main] org.lenskit.data.dao.file.TextEntitySource: class org.lenskit.data.ratings.RatingBuilder: using entity builder {}
07:48:31.473 DEBUG [main] org.lenskit.data.dao.file.TextEntitySource: loading source movies with base URI file:/home/nisreen/Documents/courses/coursera/recommender/Introduction%20to%20recommender%20Systems_%20non%20personalized/projects/content_base_filter-assignment/data/movielens.yml
07:48:31.473 DEBUG [main] org.lenskit.data.dao.file.TextEntitySource: resolved file URI: file:/home/nisreen/Documents/courses/coursera/recommender/Introduction%20to%20recommender%20Systems_%20non%20personalized/projects/content_base_filter-assignment/data/movies.csv
07:48:31.473 INFO [main] org.lenskit.data.dao.file.TextEntitySource: loading text file source movies to read from file:/home/nisreen/Documents/courses/coursera/recommender/Introduction%20to%20recommender%20Systems_%20non%20personalized/projects/content_base_filter-assignment/data/movies.csv
07:48:31.474 DEBUG [main] org.lenskit.data.dao.file.TextEntitySource: movies: using delimiter ,
07:48:31.474 DEBUG [main] org.lenskit.data.dao.file.TextEntitySource: movies: reading header
07:48:31.474 DEBUG [main] org.lenskit.data.dao.file.TextEntitySource: movies: reading entities of type EntityType[item]
07:48:31.474 DEBUG [main] org.lenskit.data.dao.file.TextEntitySource: class org.lenskit.data.entities.BasicEntityBuilder: using entity builder {}
07:48:31.474 DEBUG [main] org.lenskit.data.dao.file.TextEntitySource: loading source tags with base URI file:/home/nisreen/Documents/courses/coursera/recommender/Introduction%20to%20recommender%20Systems_%20non%20personalized/projects/content_base_filter-assignment/data/movielens.yml
07:48:31.474 DEBUG [main] org.lenskit.data.dao.file.TextEntitySource: resolved file URI: file:/home/nisreen/Documents/courses/coursera/recommender/Introduction%20to%20recommender%20Systems_%20non%20personalized/projects/content_base_filter-assignment/data/tags.csv
07:48:31.474 INFO [main] org.lenskit.data.dao.file.TextEntitySource: loading text file source tags to read from file:/home/nisreen/Documents/courses/coursera/recommender/Introduction%20to%20recommender%20Systems_%20non%20personalized/projects/content_base_filter-assignment/data/tags.csv
07:48:31.474 DEBUG [main] org.lenskit.data.dao.file.TextEntitySource: tags: using delimiter ,
07:48:31.474 DEBUG [main] org.lenskit.data.dao.file.TextEntitySource: tags: reading header
07:48:31.474 DEBUG [main] org.lenskit.data.dao.file.TextEntitySource: tags: reading entities of type EntityType[item-tag]
07:48:31.476 DEBUG [main] org.lenskit.data.dao.file.TextEntitySource: class org.lenskit.data.entities.BasicEntityBuilder: using entity builder {}
07:48:31.480 DEBUG [main] org.lenskit.LenskitRecommenderEngineBuilder: building graph from 3 configurations
07:48:31.562 DEBUG [main] org.lenskit.inject.RecommenderInstantiator: replacing nodes in graph with 14 nodes
07:48:31.566 DEBUG [main] org.lenskit.inject.RecommenderInstantiator: found 4 shared nodes
07:48:32.666 INFO [main] org.lenskit.data.dao.file.StaticDataSource: deriving entity type EntityType[user] from EntityType[rating] (column TypedName[user: long])
07:48:32.755 INFO [main] org.lenskit.data.dao.file.StaticDataSource: deriving entity type EntityType[item] from EntityType[rating] (column TypedName[item: long])
07:48:32.785 INFO [main] org.lenskit.data.dao.file.StaticDataSource: deriving entity type EntityType[user] from EntityType[item-tag] (column TypedName[user: long])
07:48:32.801 INFO [main] org.lenskit.data.dao.file.StaticDataSource: deriving entity type EntityType[item] from EntityType[item-tag] (column TypedName[item: long])
07:48:32.821 DEBUG [main] org.lenskit.data.entities.EntityCollectionBuilder: built collection of 2500 entities with type EntityType[item] and 2 indexes
07:48:32.842 DEBUG [main] org.lenskit.data.entities.EntityCollectionBuilder: built collection of 264505 entities with type EntityType[rating] and 2 indexes
07:48:32.849 DEBUG [main] org.lenskit.data.entities.EntityCollectionBuilder: built collection of 94875 entities with type EntityType[item-tag] and 2 indexes
07:48:32.850 DEBUG [main] org.lenskit.data.entities.EntityCollectionBuilder: built collection of 862 entities with type EntityType[user] and 2 indexes
07:48:32.854 INFO [main] org.lenskit.mooc.cbf.TFIDFModelProvider: Building TF-IDF model
07:48:32.930 INFO [main] org.lenskit.mooc.cbf.TFIDFModelProvider: Computed TF vectors for 2500 items
07:48:32.981 DEBUG [main] org.lenskit.inject.RecommenderInstantiator: final graph has 14 nodes
07:48:32.982 INFO [main] org.lenskit.cli.util.RecommenderLoader: built recommender in 1.502 s
07:48:32.987 INFO [main] org.lenskit.cli.commands.Recommend: recommending for 1 users
07:48:32.996 DEBUG [main] org.lenskit.basic.TopNItemRecommender: computing effective candidates for user 320 from 2500 candidates and 62 excluded items
07:48:32.998 DEBUG [main] org.lenskit.basic.TopNItemRecommender: Computing 10 recommendations for user 320 from 2438 candidates
07:48:33.165 INFO [main] org.lenskit.cli.commands.Recommend: recommended for 1 users in 177.1 ms
07:48:33.165 INFO [main] org.lenskit.cli.Main: If you use LensKit in published research, please see http://lenskit.org/research/
