19:05:40.012 INFO [main] org.lenskit.cli.Main: Starting LensKit 3.0-M1 on Java 1.8.0_212 from Oracle Corporation
19:05:40.034 DEBUG [main] org.lenskit.LenskitInfo: have 5573 active revisions
19:05:40.037 DEBUG [main] org.lenskit.cli.Main: Built from Git revision c0210fa3281ef8b15b0959bcd5fced43c5fec38a
19:05:40.037 DEBUG [main] org.lenskit.cli.Main: Using VM 'OpenJDK 64-Bit Server VM' version 25.212-b04 from Oracle Corporation
19:05:40.037 INFO [main] org.lenskit.cli.Main: Have 8 processors and heap limit of 3541 MiB
19:05:40.045 INFO [main] org.lenskit.cli.util.RecommenderLoader: creating fresh recommender
19:05:40.267 INFO [main] org.lenskit.config.ConfigurationLoader: loading script from file:/home/nisreen/Documents/courses/coursera/recommender/Week2_hw/project/nonpers-assignment/etc/simple-assoc.groovy
19:05:40.673 DEBUG [main] org.lenskit.data.dao.file.TextEntitySource: loading source ratings with base URI file:/home/nisreen/Documents/courses/coursera/recommender/Week2_hw/project/nonpers-assignment/data/movielens.yml
19:05:40.673 DEBUG [main] org.lenskit.data.dao.file.TextEntitySource: resolved file URI: file:/home/nisreen/Documents/courses/coursera/recommender/Week2_hw/project/nonpers-assignment/data/ratings.csv
19:05:40.679 INFO [main] org.lenskit.data.dao.file.TextEntitySource: loading text file source ratings to read from file:/home/nisreen/Documents/courses/coursera/recommender/Week2_hw/project/nonpers-assignment/data/ratings.csv
19:05:40.683 DEBUG [main] org.lenskit.data.dao.file.TextEntitySource: ratings: using delimiter ,
19:05:40.684 DEBUG [main] org.lenskit.data.dao.file.TextEntitySource: ratings: reading header
19:05:40.684 DEBUG [main] org.lenskit.data.dao.file.TextEntitySource: ratings: reading entities of type EntityType[rating]
19:05:40.714 DEBUG [main] org.lenskit.data.dao.file.TextEntitySource: class org.lenskit.data.ratings.RatingBuilder: using entity builder {}
19:05:40.714 DEBUG [main] org.lenskit.data.dao.file.TextEntitySource: loading source movies with base URI file:/home/nisreen/Documents/courses/coursera/recommender/Week2_hw/project/nonpers-assignment/data/movielens.yml
19:05:40.714 DEBUG [main] org.lenskit.data.dao.file.TextEntitySource: resolved file URI: file:/home/nisreen/Documents/courses/coursera/recommender/Week2_hw/project/nonpers-assignment/data/movies.csv
19:05:40.714 INFO [main] org.lenskit.data.dao.file.TextEntitySource: loading text file source movies to read from file:/home/nisreen/Documents/courses/coursera/recommender/Week2_hw/project/nonpers-assignment/data/movies.csv
19:05:40.714 DEBUG [main] org.lenskit.data.dao.file.TextEntitySource: movies: using delimiter ,
19:05:40.714 DEBUG [main] org.lenskit.data.dao.file.TextEntitySource: movies: reading header
19:05:40.714 DEBUG [main] org.lenskit.data.dao.file.TextEntitySource: movies: reading entities of type EntityType[item]
19:05:40.714 DEBUG [main] org.lenskit.data.dao.file.TextEntitySource: class org.lenskit.data.entities.BasicEntityBuilder: using entity builder {}
19:05:40.714 DEBUG [main] org.lenskit.data.dao.file.TextEntitySource: loading source tags with base URI file:/home/nisreen/Documents/courses/coursera/recommender/Week2_hw/project/nonpers-assignment/data/movielens.yml
19:05:40.714 DEBUG [main] org.lenskit.data.dao.file.TextEntitySource: resolved file URI: file:/home/nisreen/Documents/courses/coursera/recommender/Week2_hw/project/nonpers-assignment/data/tags.csv
19:05:40.714 INFO [main] org.lenskit.data.dao.file.TextEntitySource: loading text file source tags to read from file:/home/nisreen/Documents/courses/coursera/recommender/Week2_hw/project/nonpers-assignment/data/tags.csv
19:05:40.715 DEBUG [main] org.lenskit.data.dao.file.TextEntitySource: tags: using delimiter ,
19:05:40.715 DEBUG [main] org.lenskit.data.dao.file.TextEntitySource: tags: reading header
19:05:40.715 DEBUG [main] org.lenskit.data.dao.file.TextEntitySource: tags: reading entities of type EntityType[item-tag]
19:05:40.715 DEBUG [main] org.lenskit.data.dao.file.TextEntitySource: class org.lenskit.data.entities.BasicEntityBuilder: using entity builder {}
19:05:40.716 DEBUG [main] org.lenskit.LenskitRecommenderEngineBuilder: building graph from 3 configurations
19:05:40.758 DEBUG [main] org.lenskit.inject.RecommenderInstantiator: replacing nodes in graph with 9 nodes
19:05:40.793 DEBUG [main] org.lenskit.inject.RecommenderInstantiator: found 5 shared nodes
19:05:41.588 INFO [main] org.lenskit.data.dao.file.StaticDataSource: deriving entity type EntityType[user] from EntityType[rating] (column TypedName[user: long])
19:05:41.695 INFO [main] org.lenskit.data.dao.file.StaticDataSource: deriving entity type EntityType[item] from EntityType[rating] (column TypedName[item: long])
19:05:41.731 DEBUG [main] org.lenskit.data.entities.EntityCollectionBuilder: built collection of 2500 entities with type EntityType[item] and 2 indexes
19:05:41.753 DEBUG [main] org.lenskit.data.entities.EntityCollectionBuilder: built collection of 264505 entities with type EntityType[rating] and 2 indexes
19:05:41.761 DEBUG [main] org.lenskit.data.entities.EntityCollectionBuilder: built collection of 94875 entities with type EntityType[item-tag] and 2 indexes
19:05:41.761 DEBUG [main] org.lenskit.data.entities.EntityCollectionBuilder: built collection of 862 entities with type EntityType[user] and 2 indexes
19:05:58.690 DEBUG [main] org.lenskit.mooc.nonpers.assoc.AssociationModel: transforming input map for 2500 items into log data
19:05:58.905 DEBUG [main] org.lenskit.inject.RecommenderInstantiator: final graph has 9 nodes
19:05:58.906 INFO [main] org.lenskit.cli.util.RecommenderLoader: built recommender in 18.19 s
19:05:58.909 INFO [main] org.lenskit.cli.commands.GlobalRecommend: using 1 reference items: [260]
19:05:58.920 INFO [main] org.lenskit.cli.commands.GlobalRecommend: recommended in 10.56 ms
19:05:58.920 INFO [main] org.lenskit.cli.Main: If you use LensKit in published research, please see http://lenskit.org/research/
