19:04:03.852 INFO [main] org.lenskit.cli.Main: Starting LensKit 3.0-M1 on Java 1.8.0_212 from Oracle Corporation
19:04:03.877 DEBUG [main] org.lenskit.LenskitInfo: have 5573 active revisions
19:04:03.881 DEBUG [main] org.lenskit.cli.Main: Built from Git revision c0210fa3281ef8b15b0959bcd5fced43c5fec38a
19:04:03.881 DEBUG [main] org.lenskit.cli.Main: Using VM 'OpenJDK 64-Bit Server VM' version 25.212-b04 from Oracle Corporation
19:04:03.882 INFO [main] org.lenskit.cli.Main: Have 8 processors and heap limit of 3541 MiB
19:04:03.891 INFO [main] org.lenskit.cli.util.RecommenderLoader: creating fresh recommender
19:04:04.138 INFO [main] org.lenskit.config.ConfigurationLoader: loading script from file:/home/nisreen/Documents/courses/coursera/recommender/Week2_hw/project/nonpers-assignment/etc/lift-assoc.groovy
19:04:04.513 DEBUG [main] org.lenskit.data.dao.file.TextEntitySource: loading source ratings with base URI file:/home/nisreen/Documents/courses/coursera/recommender/Week2_hw/project/nonpers-assignment/data/movielens.yml
19:04:04.513 DEBUG [main] org.lenskit.data.dao.file.TextEntitySource: resolved file URI: file:/home/nisreen/Documents/courses/coursera/recommender/Week2_hw/project/nonpers-assignment/data/ratings.csv
19:04:04.519 INFO [main] org.lenskit.data.dao.file.TextEntitySource: loading text file source ratings to read from file:/home/nisreen/Documents/courses/coursera/recommender/Week2_hw/project/nonpers-assignment/data/ratings.csv
19:04:04.523 DEBUG [main] org.lenskit.data.dao.file.TextEntitySource: ratings: using delimiter ,
19:04:04.523 DEBUG [main] org.lenskit.data.dao.file.TextEntitySource: ratings: reading header
19:04:04.523 DEBUG [main] org.lenskit.data.dao.file.TextEntitySource: ratings: reading entities of type EntityType[rating]
19:04:04.551 DEBUG [main] org.lenskit.data.dao.file.TextEntitySource: class org.lenskit.data.ratings.RatingBuilder: using entity builder {}
19:04:04.551 DEBUG [main] org.lenskit.data.dao.file.TextEntitySource: loading source movies with base URI file:/home/nisreen/Documents/courses/coursera/recommender/Week2_hw/project/nonpers-assignment/data/movielens.yml
19:04:04.551 DEBUG [main] org.lenskit.data.dao.file.TextEntitySource: resolved file URI: file:/home/nisreen/Documents/courses/coursera/recommender/Week2_hw/project/nonpers-assignment/data/movies.csv
19:04:04.551 INFO [main] org.lenskit.data.dao.file.TextEntitySource: loading text file source movies to read from file:/home/nisreen/Documents/courses/coursera/recommender/Week2_hw/project/nonpers-assignment/data/movies.csv
19:04:04.551 DEBUG [main] org.lenskit.data.dao.file.TextEntitySource: movies: using delimiter ,
19:04:04.551 DEBUG [main] org.lenskit.data.dao.file.TextEntitySource: movies: reading header
19:04:04.551 DEBUG [main] org.lenskit.data.dao.file.TextEntitySource: movies: reading entities of type EntityType[item]
19:04:04.552 DEBUG [main] org.lenskit.data.dao.file.TextEntitySource: class org.lenskit.data.entities.BasicEntityBuilder: using entity builder {}
19:04:04.552 DEBUG [main] org.lenskit.data.dao.file.TextEntitySource: loading source tags with base URI file:/home/nisreen/Documents/courses/coursera/recommender/Week2_hw/project/nonpers-assignment/data/movielens.yml
19:04:04.552 DEBUG [main] org.lenskit.data.dao.file.TextEntitySource: resolved file URI: file:/home/nisreen/Documents/courses/coursera/recommender/Week2_hw/project/nonpers-assignment/data/tags.csv
19:04:04.552 INFO [main] org.lenskit.data.dao.file.TextEntitySource: loading text file source tags to read from file:/home/nisreen/Documents/courses/coursera/recommender/Week2_hw/project/nonpers-assignment/data/tags.csv
19:04:04.552 DEBUG [main] org.lenskit.data.dao.file.TextEntitySource: tags: using delimiter ,
19:04:04.552 DEBUG [main] org.lenskit.data.dao.file.TextEntitySource: tags: reading header
19:04:04.552 DEBUG [main] org.lenskit.data.dao.file.TextEntitySource: tags: reading entities of type EntityType[item-tag]
19:04:04.552 DEBUG [main] org.lenskit.data.dao.file.TextEntitySource: class org.lenskit.data.entities.BasicEntityBuilder: using entity builder {}
19:04:04.553 DEBUG [main] org.lenskit.LenskitRecommenderEngineBuilder: building graph from 3 configurations
19:04:04.600 DEBUG [main] org.lenskit.inject.RecommenderInstantiator: replacing nodes in graph with 9 nodes
19:04:04.637 DEBUG [main] org.lenskit.inject.RecommenderInstantiator: found 5 shared nodes
19:04:05.683 INFO [main] org.lenskit.data.dao.file.StaticDataSource: deriving entity type EntityType[user] from EntityType[rating] (column TypedName[user: long])
19:04:05.758 INFO [main] org.lenskit.data.dao.file.StaticDataSource: deriving entity type EntityType[item] from EntityType[rating] (column TypedName[item: long])
19:04:05.811 DEBUG [main] org.lenskit.data.entities.EntityCollectionBuilder: built collection of 2500 entities with type EntityType[item] and 2 indexes
19:04:05.830 DEBUG [main] org.lenskit.data.entities.EntityCollectionBuilder: built collection of 264505 entities with type EntityType[rating] and 2 indexes
19:04:05.837 DEBUG [main] org.lenskit.data.entities.EntityCollectionBuilder: built collection of 94875 entities with type EntityType[item-tag] and 2 indexes
19:04:05.838 DEBUG [main] org.lenskit.data.entities.EntityCollectionBuilder: built collection of 862 entities with type EntityType[user] and 2 indexes
19:04:22.757 DEBUG [main] org.lenskit.mooc.nonpers.assoc.AssociationModel: transforming input map for 2500 items into log data
19:04:22.989 DEBUG [main] org.lenskit.inject.RecommenderInstantiator: final graph has 9 nodes
19:04:22.990 INFO [main] org.lenskit.cli.util.RecommenderLoader: built recommender in 18.44 s
19:04:22.993 INFO [main] org.lenskit.cli.commands.GlobalRecommend: using 1 reference items: [2761]
19:04:23.004 INFO [main] org.lenskit.cli.commands.GlobalRecommend: recommended in 10.46 ms
19:04:23.004 INFO [main] org.lenskit.cli.Main: If you use LensKit in published research, please see http://lenskit.org/research/
